0 info it worked if it ends with ok
1 verbose cli [ '/Users/wadeanthony/.nvm/versions/node/v6.9.2/bin/node',
1 verbose cli   '/Users/wadeanthony/.nvm/versions/node/v6.9.2/bin/npm',
1 verbose cli   'install',
1 verbose cli   'node-nes',
1 verbose cli   '--save' ]
2 info using npm@3.10.9
3 info using node@v6.9.2
4 silly loadCurrentTree Starting
5 silly install loadCurrentTree
6 silly install readLocalPackageData
7 silly fetchPackageMetaData node-nes
8 silly fetchNamedPackageData node-nes
9 silly mapToRegistry name node-nes
10 silly mapToRegistry using default registry
11 silly mapToRegistry registry https://registry.npmjs.org/
12 silly mapToRegistry data Result {
12 silly mapToRegistry   raw: 'node-nes',
12 silly mapToRegistry   scope: null,
12 silly mapToRegistry   escapedName: 'node-nes',
12 silly mapToRegistry   name: 'node-nes',
12 silly mapToRegistry   rawSpec: '',
12 silly mapToRegistry   spec: 'latest',
12 silly mapToRegistry   type: 'tag' }
13 silly mapToRegistry uri https://registry.npmjs.org/node-nes
14 verbose request uri https://registry.npmjs.org/node-nes
15 verbose request no auth needed
16 info attempt registry request try #1 at 10:59:39 PM
17 verbose request id fc430ba555cf720b
18 verbose etag W/"53090ded-c8f"
19 verbose lastModified Sat, 22 Feb 2014 20:51:57 GMT
20 http request GET https://registry.npmjs.org/node-nes
21 http 304 https://registry.npmjs.org/node-nes
22 verbose headers { date: 'Thu, 22 Dec 2016 03:59:39 GMT',
22 verbose headers   via: '1.1 varnish',
22 verbose headers   'cache-control': 'max-age=300',
22 verbose headers   etag: 'W/"53090ded-c8f"',
22 verbose headers   age: '0',
22 verbose headers   connection: 'keep-alive',
22 verbose headers   'x-served-by': 'cache-iad2130-IAD',
22 verbose headers   'x-cache': 'MISS',
22 verbose headers   'x-cache-hits': '0',
22 verbose headers   'x-timer': 'S1482379179.226505,VS0,VE2',
22 verbose headers   vary: 'Accept-Encoding' }
23 silly get cb [ 304,
23 silly get   { date: 'Thu, 22 Dec 2016 03:59:39 GMT',
23 silly get     via: '1.1 varnish',
23 silly get     'cache-control': 'max-age=300',
23 silly get     etag: 'W/"53090ded-c8f"',
23 silly get     age: '0',
23 silly get     connection: 'keep-alive',
23 silly get     'x-served-by': 'cache-iad2130-IAD',
23 silly get     'x-cache': 'MISS',
23 silly get     'x-cache-hits': '0',
23 silly get     'x-timer': 'S1482379179.226505,VS0,VE2',
23 silly get     vary: 'Accept-Encoding' } ]
24 verbose etag https://registry.npmjs.org/node-nes from cache
25 verbose get saving node-nes to /Users/wadeanthony/.npm/registry.npmjs.org/node-nes/.cache.json
26 verbose correctMkdir /Users/wadeanthony/.npm correctMkdir not in flight; initializing
27 silly install normalizeTree
28 silly loadCurrentTree Finishing
29 silly loadIdealTree Starting
30 silly install loadIdealTree
31 silly cloneCurrentTree Starting
32 silly install cloneCurrentTreeToIdealTree
33 silly cloneCurrentTree Finishing
34 silly loadShrinkwrap Starting
35 silly install loadShrinkwrap
36 silly loadShrinkwrap Finishing
37 silly loadAllDepsIntoIdealTree Starting
38 silly install loadAllDepsIntoIdealTree
39 silly rollbackFailedOptional Starting
40 silly rollbackFailedOptional Finishing
41 silly runTopLevelLifecycles Finishing
42 silly install printInstalled
43 verbose stack Error: Refusing to install node-nes as a dependency of itself
43 verbose stack     at checkSelf (/Users/wadeanthony/.nvm/versions/node/v6.9.2/lib/node_modules/npm/lib/install/validate-args.js:53:14)
43 verbose stack     at Array.<anonymous> (/Users/wadeanthony/.nvm/versions/node/v6.9.2/lib/node_modules/npm/node_modules/slide/lib/bind-actor.js:15:8)
43 verbose stack     at LOOP (/Users/wadeanthony/.nvm/versions/node/v6.9.2/lib/node_modules/npm/node_modules/slide/lib/chain.js:15:14)
43 verbose stack     at chain (/Users/wadeanthony/.nvm/versions/node/v6.9.2/lib/node_modules/npm/node_modules/slide/lib/chain.js:20:5)
43 verbose stack     at /Users/wadeanthony/.nvm/versions/node/v6.9.2/lib/node_modules/npm/lib/install/validate-args.js:16:5
43 verbose stack     at /Users/wadeanthony/.nvm/versions/node/v6.9.2/lib/node_modules/npm/node_modules/slide/lib/async-map.js:52:35
43 verbose stack     at Array.forEach (native)
43 verbose stack     at /Users/wadeanthony/.nvm/versions/node/v6.9.2/lib/node_modules/npm/node_modules/slide/lib/async-map.js:52:11
43 verbose stack     at Array.forEach (native)
43 verbose stack     at asyncMap (/Users/wadeanthony/.nvm/versions/node/v6.9.2/lib/node_modules/npm/node_modules/slide/lib/async-map.js:51:8)
44 verbose cwd /Users/wadeanthony/Development/node-nes
45 error Darwin 16.3.0
46 error argv "/Users/wadeanthony/.nvm/versions/node/v6.9.2/bin/node" "/Users/wadeanthony/.nvm/versions/node/v6.9.2/bin/npm" "install" "node-nes" "--save"
47 error node v6.9.2
48 error npm  v3.10.9
49 error code ENOSELF
50 error Refusing to install node-nes as a dependency of itself
51 error If you need help, you may report this error at:
51 error     <https://github.com/npm/npm/issues>
52 verbose exit [ 1, true ]
